Successfully changed working directory to /Users/ausias/Documents/github/hoprnet/scripts/../packages/ethereum/contracts!
No files changed, compilation skipped
[32mScript ran successfully.[0m

== Return ==
safe: address 0xe4A83619C07c720A1752b2c87FE0bEb9821D4f61
module: address 0xb7Ba995987e13719B21CDD1B0502d238B2b35340

== Logs ==
  msgSender address: 0xdccc4a8ee2bf3caf5a4ab1cdba1ee7cc04e324dd
  --safeAddress 0xe4A83619C07c720A1752b2c87FE0bEb9821D4f61 --moduleAddress 0xb7Ba995987e13719B21CDD1B0502d238B2b35340
  deployerAddress: 0xdccc4a8ee2bf3caf5a4ab1cdba1ee7cc04e324dd
  Nodes registered to Network Registry
  Manager set eligibility on network regsitry
  msgSender address: 0xdccc4a8ee2bf3caf5a4ab1cdba1ee7cc04e324dd
  msgSender address: 0xdccc4a8ee2bf3caf5a4ab1cdba1ee7cc04e324dd

==========================

Chain 100

Estimated gas price: 3.000000016 gwei

Estimated total gas used for script: 1902607

Estimated amount required: 0.005707821030441712 ETH

==========================

###
Finding wallets for all the necessary addresses...
##
Sending transactions [0 - 11].

Transactions saved to: /Users/ausias/Documents/github/hoprnet/packages/ethereum/contracts/broadcast/SingleAction.s.sol/100/expressSetupSafeModule-latest.json

##
Waiting for receipts.

##### xdai
✅ Hash: 0xa0d8c1ade9d8c068923be44fddb0f3ec7835ba8ac4bb95b2cc0bb07818f0966a
Block: 29885269
Paid: 0.001932462005153232 ETH (644154 gas * 3.000000008 gwei)


##### xdai
✅ Hash: 0xe6cac3179a8985c761adb2aa6b3aef127020fc0b471d52428e8d8544e115aaff
Block: 29885269
Paid: 0.000084738000225968 ETH (28246 gas * 3.000000008 gwei)


##### xdai
✅ Hash: 0xf491cec2616e323826a8042bb58d0d717c8077e5f5b0f08ef1c22b77ac0bf75c
Block: 29885269
Paid: 0.000473784001263424 ETH (157928 gas * 3.000000008 gwei)


##### xdai
✅ Hash: 0xace6645faed0041f2407b25fcfdf2634f5901efd037836c5bc7c6778f6daf975
Block: 29885269
Paid: 0.000084738000225968 ETH (28246 gas * 3.000000008 gwei)


##### xdai
✅ Hash: 0xa8bdda65050c04ec6058933e3b4ef377ac986e75ea6b2e2c4848290707937ae0
Block: 29885269
Paid: 0.000233763000623368 ETH (77921 gas * 3.000000008 gwei)


##### xdai
✅ Hash: 0x034392c3dd23b69f829299780938bf6eda4b4144c93ef591da37f00aed082002
Block: 29885269
Paid: 0.000084738000225968 ETH (28246 gas * 3.000000008 gwei)


##### xdai
✅ Hash: 0x867dad33caa3da448ccfd9d0d1c5451b158d84ed45647ad3d4df9810305181d3
Block: 29885269
Paid: 0.00032943000087848 ETH (109810 gas * 3.000000008 gwei)


##### xdai
✅ Hash: 0x15caf840421e37d5f312c8f7669a1c3206be36d5c655885f4109245c80748c10
Block: 29885269
Paid: 0.000217368000579648 ETH (72456 gas * 3.000000008 gwei)


##### xdai
✅ Hash: 0xeb60dac8bc9a56c5e46313db2f44e9740d0c66c13dc8c44747e7b0a4c93b17c7
Block: 29885269
Paid: 0.000082851000220936 ETH (27617 gas * 3.000000008 gwei)


##### xdai
✅ Hash: 0xfb1ed55c10ac4d3b8c74f010cdcee2ebf490468a7208c364ccff4ac826dd10b1
Block: 29885269
Paid: 0.000420813001122168 ETH (140271 gas * 3.000000008 gwei)


##### xdai
✅ Hash: 0x0dd719ba9355c65b6d94d020b50acb4c0f9be2c04aafc34f1d61e18dd401fc36
Block: 29885269
Paid: 0.000081987000218632 ETH (27329 gas * 3.000000008 gwei)


##### xdai
✅ Hash: 0xfeaf824e1d3552d310ce7c33187a82a1e2c8a328616fc6f7c951e7517e11cfb2
Block: 29885269
Paid: 0.000063000000168 ETH (21000 gas * 3.000000008 gwei)


Transactions saved to: /Users/ausias/Documents/github/hoprnet/packages/ethereum/contracts/broadcast/SingleAction.s.sol/100/expressSetupSafeModule-latest.json



==========================

ONCHAIN EXECUTION COMPLETE & SUCCESSFUL.
Total Paid: 0.004089672010905792 ETH (1363224 gas * avg 3.000000008 gwei)

Transactions saved to: /Users/ausias/Documents/github/hoprnet/packages/ethereum/contracts/broadcast/SingleAction.s.sol/100/expressSetupSafeModule-latest.json

Foundry command execution status: exit status: 0
