Successfully changed working directory to /Users/ausias/Documents/github/hoprnet/scripts/../packages/ethereum/contracts!
No files changed, compilation skipped
[32mScript ran successfully.[0m

== Return ==
safe: address 0x7fb257a1b041EF65dbe4f50F62a92CaCC28853DF
module: address 0xddD774bA640A0C8a58Af7C2cb1E8213053Ed5cBf

== Logs ==
  msgSender address: 0xdccc4a8ee2bf3caf5a4ab1cdba1ee7cc04e324dd
  --safeAddress 0x7fb257a1b041EF65dbe4f50F62a92CaCC28853DF --moduleAddress 0xddD774bA640A0C8a58Af7C2cb1E8213053Ed5cBf
  deployerAddress: 0xdccc4a8ee2bf3caf5a4ab1cdba1ee7cc04e324dd
  Nodes registered to Network Registry
  Manager set eligibility on network regsitry
  msgSender address: 0xdccc4a8ee2bf3caf5a4ab1cdba1ee7cc04e324dd
  msgSender address: 0xdccc4a8ee2bf3caf5a4ab1cdba1ee7cc04e324dd

==========================

Chain 100

Estimated gas price: 3.000000016 gwei

Estimated total gas used for script: 1902607

Estimated amount required: 0.005707821030441712 ETH

==========================

###
Finding wallets for all the necessary addresses...
##
Sending transactions [0 - 11].

Transactions saved to: /Users/ausias/Documents/github/hoprnet/packages/ethereum/contracts/broadcast/SingleAction.s.sol/100/expressSetupSafeModule-latest.json

##
Waiting for receipts.

##### xdai
✅ Hash: 0xd83f101ac3974d055e4bf4c42528997b07d4a11d977d8831c51a7f7c8464d608
Block: 29885318
Paid: 0.001932462005153232 ETH (644154 gas * 3.000000008 gwei)


##### xdai
✅ Hash: 0x0e12ff102af9c494adf011f64e826ecdd354eecf4a677c384db0a5ad7984d67d
Block: 29885318
Paid: 0.000084738000225968 ETH (28246 gas * 3.000000008 gwei)


##### xdai
✅ Hash: 0x4a33f54d38bf82e509fcea38caee40da74458f32a065824649e8e70078a1595b
Block: 29885318
Paid: 0.000473784001263424 ETH (157928 gas * 3.000000008 gwei)


##### xdai
✅ Hash: 0x54af86f5a6f07f17b564d529dfd7aa6eeebad5dde13f84e673601b2e5a325b7a
Block: 29885318
Paid: 0.000084738000225968 ETH (28246 gas * 3.000000008 gwei)


##### xdai
✅ Hash: 0x90d1842bc39611073ef689ac3d69bf20333533a67093bc67002c9a3382a7d2c4
Block: 29885318
Paid: 0.000233763000623368 ETH (77921 gas * 3.000000008 gwei)


##### xdai
✅ Hash: 0x7f582cbc6887f7b17efe3e801b8e0d9ca3047b1b810774eb4fc2808673e436d5
Block: 29885318
Paid: 0.000084738000225968 ETH (28246 gas * 3.000000008 gwei)


##### xdai
✅ Hash: 0x2092028b73ced95d8ecb5abda215d2ea727dc2a64006e22364713dc61cce25b5
Block: 29885318
Paid: 0.00032943000087848 ETH (109810 gas * 3.000000008 gwei)


##### xdai
✅ Hash: 0x6ba272427dc7a6099ccc3c4c1026f979ce5b33c528105c27dcf9a6c9e79ac6fd
Block: 29885318
Paid: 0.000217368000579648 ETH (72456 gas * 3.000000008 gwei)


##### xdai
✅ Hash: 0xee9d87d66bd3f3444f473fb3894d51c61b9ada5645ce21da1981cb54bb647028
Block: 29885318
Paid: 0.000082851000220936 ETH (27617 gas * 3.000000008 gwei)


##### xdai
✅ Hash: 0xb58116be8cb8fd4b04e02609709d436b9b578e84e88166676bf01eaca1e549d9
Block: 29885318
Paid: 0.000420813001122168 ETH (140271 gas * 3.000000008 gwei)


##### xdai
✅ Hash: 0x0cff119172ae3f2397fc202bb2ee810a6a0c0b1d5f7dba96ee14ee068a2b080f
Block: 29885318
Paid: 0.000081987000218632 ETH (27329 gas * 3.000000008 gwei)


##### xdai
✅ Hash: 0xecf38508325da4dc33e2c93a98ba73211a2302c5735fbfb6ab16f694056b28ee
Block: 29885318
Paid: 0.000063000000168 ETH (21000 gas * 3.000000008 gwei)


Transactions saved to: /Users/ausias/Documents/github/hoprnet/packages/ethereum/contracts/broadcast/SingleAction.s.sol/100/expressSetupSafeModule-latest.json



==========================

ONCHAIN EXECUTION COMPLETE & SUCCESSFUL.
Total Paid: 0.004089672010905792 ETH (1363224 gas * avg 3.000000008 gwei)

Transactions saved to: /Users/ausias/Documents/github/hoprnet/packages/ethereum/contracts/broadcast/SingleAction.s.sol/100/expressSetupSafeModule-latest.json

Foundry command execution status: exit status: 0
