Successfully changed working directory to /Users/ausias/Documents/github/hoprnet/scripts/../packages/ethereum/contracts!
No files changed, compilation skipped
[32mScript ran successfully.[0m

== Return ==
safe: address 0x0743e1b4725083f38722601Bd63c150dBB0Adc6B
module: address 0x423B45c79CD5527D83249385e6631148Ee233dcf

== Logs ==
  msgSender address: 0xdccc4a8ee2bf3caf5a4ab1cdba1ee7cc04e324dd
  --safeAddress 0x0743e1b4725083f38722601Bd63c150dBB0Adc6B --moduleAddress 0x423B45c79CD5527D83249385e6631148Ee233dcf
  deployerAddress: 0xdccc4a8ee2bf3caf5a4ab1cdba1ee7cc04e324dd
  Nodes registered to Network Registry
  Manager set eligibility on network regsitry
  msgSender address: 0xdccc4a8ee2bf3caf5a4ab1cdba1ee7cc04e324dd
  msgSender address: 0xdccc4a8ee2bf3caf5a4ab1cdba1ee7cc04e324dd

==========================

Chain 100

Estimated gas price: 3.000000016 gwei

Estimated total gas used for script: 1893669

Estimated amount required: 0.005681007030298704 ETH

==========================

###
Finding wallets for all the necessary addresses...
##
Sending transactions [0 - 11].

Transactions saved to: /Users/ausias/Documents/github/hoprnet/packages/ethereum/contracts/broadcast/SingleAction.s.sol/100/expressSetupSafeModule-latest.json

##
Waiting for receipts.

##### xdai
✅ Hash: 0x02bdfa2937515a22b04aff51aa9ead37648e5a6d8856757ba2aef293853d181f
Block: 29885279
Paid: 0.001932462005153232 ETH (644154 gas * 3.000000008 gwei)


##### xdai
✅ Hash: 0xb13990b3edb1d925b3f6b14fde0baba54d80ddf5186bc31a1bac5879949bbfcd
Block: 29885279
Paid: 0.000084738000225968 ETH (28246 gas * 3.000000008 gwei)


##### xdai
✅ Hash: 0x69d4f5ed07c8e68ea5d53c9ce13381f1eb404b939c360e0878c4ba2a388f18b7
Block: 29885279
Paid: 0.000473784001263424 ETH (157928 gas * 3.000000008 gwei)


##### xdai
✅ Hash: 0xb6968c1467500b05c523b1682e9918c0bd2100b203a9788eefaae98f744a3ee9
Block: 29885279
Paid: 0.000084738000225968 ETH (28246 gas * 3.000000008 gwei)


##### xdai
✅ Hash: 0xa8c1deecab0a42ad5444f78be347814f4acf760bf5b006de31a4722de214ef35
Block: 29885279
Paid: 0.000233763000623368 ETH (77921 gas * 3.000000008 gwei)


##### xdai
✅ Hash: 0x5284b28e84b04010f24a065904ff4a862acd780c3ce1203eff7c5bc0a32d22cf
Block: 29885279
Paid: 0.000084738000225968 ETH (28246 gas * 3.000000008 gwei)


##### xdai
✅ Hash: 0x1568ccd7624f1828c549a2f31f569b1d35c081fffc70790b05d443fa410dc6a0
Block: 29885279
Paid: 0.000329394000878384 ETH (109798 gas * 3.000000008 gwei)


##### xdai
✅ Hash: 0xd14da2711b56b772d2389003954171b229470a6525e44eceabf57af98cfbfb7d
Block: 29885279
Paid: 0.000217368000579648 ETH (72456 gas * 3.000000008 gwei)


##### xdai
✅ Hash: 0xaf1e89ad83283b441fddfb49ebcbe2f7944f92ee41e599e7296815dc0d189c2e
Block: 29885279
Paid: 0.000082851000220936 ETH (27617 gas * 3.000000008 gwei)


##### xdai
✅ Hash: 0x5cc4a629acdd1632bc90346b2a52287004c304373658c142cd479ea2899665a5
Block: 29885279
Paid: 0.000420813001122168 ETH (140271 gas * 3.000000008 gwei)


##### xdai
✅ Hash: 0x4f888975e4523f2a399dddf1493ec6c6da622a9d892e1d6a5ce96eed3051fef2
Block: 29885279
Paid: 0.000081987000218632 ETH (27329 gas * 3.000000008 gwei)


##### xdai
✅ Hash: 0x40dc71e51c748d70a1547aadc83b70403e83b97dc2eaae35043c1616f1dfe6a1
Block: 29885279
Paid: 0.000063000000168 ETH (21000 gas * 3.000000008 gwei)


Transactions saved to: /Users/ausias/Documents/github/hoprnet/packages/ethereum/contracts/broadcast/SingleAction.s.sol/100/expressSetupSafeModule-latest.json



==========================

ONCHAIN EXECUTION COMPLETE & SUCCESSFUL.
Total Paid: 0.004089636010905696 ETH (1363212 gas * avg 3.000000008 gwei)

Transactions saved to: /Users/ausias/Documents/github/hoprnet/packages/ethereum/contracts/broadcast/SingleAction.s.sol/100/expressSetupSafeModule-latest.json

Foundry command execution status: exit status: 0
