Successfully changed working directory to /Users/ausias/Documents/github/hoprnet/scripts/../packages/ethereum/contracts!
No files changed, compilation skipped
[32mScript ran successfully.[0m

== Return ==
safe: address 0xd4dEFE602F164DAf3885E2d4762d95358B1D4ebb
module: address 0x8a4B5c3473319A99dB10A9739C7b0Fa92109b12b

== Logs ==
  msgSender address: 0xdccc4a8ee2bf3caf5a4ab1cdba1ee7cc04e324dd
  --safeAddress 0xd4dEFE602F164DAf3885E2d4762d95358B1D4ebb --moduleAddress 0x8a4B5c3473319A99dB10A9739C7b0Fa92109b12b
  deployerAddress: 0xdccc4a8ee2bf3caf5a4ab1cdba1ee7cc04e324dd
  Nodes registered to Network Registry
  Manager set eligibility on network regsitry
  msgSender address: 0xdccc4a8ee2bf3caf5a4ab1cdba1ee7cc04e324dd
  msgSender address: 0xdccc4a8ee2bf3caf5a4ab1cdba1ee7cc04e324dd

==========================

Chain 100

Estimated gas price: 3.000000016 gwei

Estimated total gas used for script: 1881669

Estimated amount required: 0.005645007030106704 ETH

==========================

###
Finding wallets for all the necessary addresses...
##
Sending transactions [0 - 11].

Transactions saved to: /Users/ausias/Documents/github/hoprnet/packages/ethereum/contracts/broadcast/SingleAction.s.sol/100/expressSetupSafeModule-latest.json

##
Waiting for receipts.

##### xdai
✅ Hash: 0xb1075e68de41317a3a0e10fe84c834a27412207c46c4e9f1ebaa5a070f423fd8
Block: 29885315
Paid: 0.001932462005153232 ETH (644154 gas * 3.000000008 gwei)


##### xdai
✅ Hash: 0x99686a7c2ef37280c8652bd3e2059931712504644e90824a5ff983657bea9e7f
Block: 29885315
Paid: 0.000084738000225968 ETH (28246 gas * 3.000000008 gwei)


##### xdai
✅ Hash: 0xaebb890f0f968d86de2a82af5341155148cea45b2eb2b4b0a1e92d0d710501e7
Block: 29885315
Paid: 0.000473784001263424 ETH (157928 gas * 3.000000008 gwei)


##### xdai
✅ Hash: 0xfdf7f6e7f58523b12dd7ea65fc16c65fcc96c189ed293f3db32a3bf0c00f9ca5
Block: 29885315
Paid: 0.000084738000225968 ETH (28246 gas * 3.000000008 gwei)


##### xdai
✅ Hash: 0x57f9276b19c3dc86b38e55fae02fc25b4d8155ddaaa7f9e2beda0cd75bbebbd2
Block: 29885315
Paid: 0.000233763000623368 ETH (77921 gas * 3.000000008 gwei)


##### xdai
✅ Hash: 0xde40a254d6aa53a983ec292cb5c648b2a35102d47488f14d3243d9b88a5d9beb
Block: 29885315
Paid: 0.000084738000225968 ETH (28246 gas * 3.000000008 gwei)


##### xdai
✅ Hash: 0x99bfb89ad6721e77d8aad1c8f35bae69c2dccaebff8036e95c13ef71e389a764
Block: 29885315
Paid: 0.00032943000087848 ETH (109810 gas * 3.000000008 gwei)


##### xdai
✅ Hash: 0x56195d87cea620c2f34d68add041dbdb6cc6f78028bfcbfc949997491a668cb0
Block: 29885315
Paid: 0.000217368000579648 ETH (72456 gas * 3.000000008 gwei)


##### xdai
✅ Hash: 0xe7fc7d753fddc51bd576e4ccc62631b636267a3266d0a0af3df6e207b19acc41
Block: 29885315
Paid: 0.000082851000220936 ETH (27617 gas * 3.000000008 gwei)


##### xdai
✅ Hash: 0x16290e6ffd4542961538bea2048270f15759f0465ee531de9e0260b5a5c046ac
Block: 29885315
Paid: 0.000420813001122168 ETH (140271 gas * 3.000000008 gwei)


##### xdai
✅ Hash: 0x07c75fd190f9eabf043c93d9f9b712ac258be580f12e29304de9fec4169040ef
Block: 29885315
Paid: 0.000081987000218632 ETH (27329 gas * 3.000000008 gwei)


##### xdai
✅ Hash: 0xb409d1e648db7a2fa405295ea16f9920cca0bdf62f1fcc296a23bdf29f586772
Block: 29885315
Paid: 0.000063000000168 ETH (21000 gas * 3.000000008 gwei)


Transactions saved to: /Users/ausias/Documents/github/hoprnet/packages/ethereum/contracts/broadcast/SingleAction.s.sol/100/expressSetupSafeModule-latest.json



==========================

ONCHAIN EXECUTION COMPLETE & SUCCESSFUL.
Total Paid: 0.004089672010905792 ETH (1363224 gas * avg 3.000000008 gwei)

Transactions saved to: /Users/ausias/Documents/github/hoprnet/packages/ethereum/contracts/broadcast/SingleAction.s.sol/100/expressSetupSafeModule-latest.json

Foundry command execution status: exit status: 0
