Successfully changed working directory to /Users/ausias/Documents/github/hoprnet/scripts/../packages/ethereum/contracts!
No files changed, compilation skipped
[32mScript ran successfully.[0m

== Return ==
safe: address 0x326cdf325f8cBB8F8910ca6F3D6743fb3F8e8A9C
module: address 0x0E755fb71082112cB21CEcC5675B089c85f6E657

== Logs ==
  msgSender address: 0xdccc4a8ee2bf3caf5a4ab1cdba1ee7cc04e324dd
  --safeAddress 0x326cdf325f8cBB8F8910ca6F3D6743fb3F8e8A9C --moduleAddress 0x0E755fb71082112cB21CEcC5675B089c85f6E657
  deployerAddress: 0xdccc4a8ee2bf3caf5a4ab1cdba1ee7cc04e324dd
  Nodes registered to Network Registry
  Manager set eligibility on network regsitry
  msgSender address: 0xdccc4a8ee2bf3caf5a4ab1cdba1ee7cc04e324dd
  msgSender address: 0xdccc4a8ee2bf3caf5a4ab1cdba1ee7cc04e324dd

==========================

Chain 100

Estimated gas price: 3.000000016 gwei

Estimated total gas used for script: 1902572

Estimated amount required: 0.005707716030441152 ETH

==========================

###
Finding wallets for all the necessary addresses...
##
Sending transactions [0 - 11].

Transactions saved to: /Users/ausias/Documents/github/hoprnet/packages/ethereum/contracts/broadcast/SingleAction.s.sol/100/expressSetupSafeModule-latest.json

##
Waiting for receipts.

##### xdai
✅ Hash: 0x558c0a651d5c9b6de70a925ff50b4e3dd756f06b6a5403b61711f71b9fd3e12a
Block: 29885327
Paid: 0.001932462005153232 ETH (644154 gas * 3.000000008 gwei)


##### xdai
✅ Hash: 0x2c7783e032b67d9b2eb88c7c369c88db40c4860e2a9c26169162ea4d1ac5c4ac
Block: 29885327
Paid: 0.000084738000225968 ETH (28246 gas * 3.000000008 gwei)


##### xdai
✅ Hash: 0x3644a3fe8feaa958bc76b7a4f8c3f4cffee273b897da742300c5bfacf0e482e8
Block: 29885327
Paid: 0.000473784001263424 ETH (157928 gas * 3.000000008 gwei)


##### xdai
✅ Hash: 0x6ec2519548f7ff1c1aef8e3e73df5f80fec0e0bf90f2dedcc7076e1169744478
Block: 29885327
Paid: 0.000084738000225968 ETH (28246 gas * 3.000000008 gwei)


##### xdai
✅ Hash: 0x1f6d7bae47cb6ad5a9f46cc12d72d52054974044ce1bd7a8299b88b0e75a0cfd
Block: 29885327
Paid: 0.000233763000623368 ETH (77921 gas * 3.000000008 gwei)


##### xdai
✅ Hash: 0x568f06a8254c46cba70bf95e01d34278431701732f985079b754695aa30e204b
Block: 29885327
Paid: 0.000084738000225968 ETH (28246 gas * 3.000000008 gwei)


##### xdai
✅ Hash: 0xd0153357f27072d3130f54f22f4f7b73f34e715c1f0d8f512dc0a04f70b2beaa
Block: 29885327
Paid: 0.000329358000878288 ETH (109786 gas * 3.000000008 gwei)


##### xdai
✅ Hash: 0x6de3bf83be57023e80d089058ce6fd086bb9631da4ac994c8d8411f76216878e
Block: 29885327
Paid: 0.000217368000579648 ETH (72456 gas * 3.000000008 gwei)


##### xdai
✅ Hash: 0x8bd140167d9a7da276faba9b76eca65a24ce301174cdb271dd3c556b157c9078
Block: 29885327
Paid: 0.000082851000220936 ETH (27617 gas * 3.000000008 gwei)


##### xdai
✅ Hash: 0xa565be625dabc55b8735c290b958c55eda1838b0e29ef6062f36756f2ade2721
Block: 29885327
Paid: 0.000420813001122168 ETH (140271 gas * 3.000000008 gwei)


##### xdai
✅ Hash: 0x5a866443eebe52329c65e4e23064e447dd8cf62cfe1fa89bcab7b72684852ba0
Block: 29885327
Paid: 0.000081987000218632 ETH (27329 gas * 3.000000008 gwei)


##### xdai
✅ Hash: 0x84edd8c7fe4f5118dbad172597644144e859d26c82176f61f3349f6bb6c479f6
Block: 29885327
Paid: 0.000063000000168 ETH (21000 gas * 3.000000008 gwei)


Transactions saved to: /Users/ausias/Documents/github/hoprnet/packages/ethereum/contracts/broadcast/SingleAction.s.sol/100/expressSetupSafeModule-latest.json



==========================

ONCHAIN EXECUTION COMPLETE & SUCCESSFUL.
Total Paid: 0.0040896000109056 ETH (1363200 gas * avg 3.000000008 gwei)

Transactions saved to: /Users/ausias/Documents/github/hoprnet/packages/ethereum/contracts/broadcast/SingleAction.s.sol/100/expressSetupSafeModule-latest.json

Foundry command execution status: exit status: 0
