Successfully changed working directory to /Users/ausias/Documents/github/hoprnet/scripts/../packages/ethereum/contracts!
No files changed, compilation skipped
[32mScript ran successfully.[0m

== Return ==
safe: address 0xf3176C317dAdF31522DD08539Ee2941BdBaD7ac3
module: address 0xDa640443bD209D4924112F8E2E0c1Ae2C61ca0eC

== Logs ==
  msgSender address: 0xdccc4a8ee2bf3caf5a4ab1cdba1ee7cc04e324dd
  --safeAddress 0xf3176C317dAdF31522DD08539Ee2941BdBaD7ac3 --moduleAddress 0xDa640443bD209D4924112F8E2E0c1Ae2C61ca0eC
  deployerAddress: 0xdccc4a8ee2bf3caf5a4ab1cdba1ee7cc04e324dd
  Nodes registered to Network Registry
  Manager set eligibility on network regsitry
  msgSender address: 0xdccc4a8ee2bf3caf5a4ab1cdba1ee7cc04e324dd
  msgSender address: 0xdccc4a8ee2bf3caf5a4ab1cdba1ee7cc04e324dd

==========================

Chain 100

Estimated gas price: 3.000000016 gwei

Estimated total gas used for script: 1896259

Estimated amount required: 0.005688777030340144 ETH

==========================

###
Finding wallets for all the necessary addresses...
##
Sending transactions [0 - 11].

Transactions saved to: /Users/ausias/Documents/github/hoprnet/packages/ethereum/contracts/broadcast/SingleAction.s.sol/100/expressSetupSafeModule-latest.json

##
Waiting for receipts.

##### xdai
✅ Hash: 0x1f234d498466f33143b72ec1b6423d0d94b665bf422c871d6d8a8fcd74afdda0
Block: 29885288
Paid: 0.001932462005153232 ETH (644154 gas * 3.000000008 gwei)


##### xdai
✅ Hash: 0x515391ad0c2f46537a1e7a1bfbce40cfd87c3744ba28dc1882aeead26321ff4c
Block: 29885288
Paid: 0.000084738000225968 ETH (28246 gas * 3.000000008 gwei)


##### xdai
✅ Hash: 0xed394db82b1b8afa7578929768c22688a4fd48a2d861efc8b70221b42a94acb2
Block: 29885288
Paid: 0.000473784001263424 ETH (157928 gas * 3.000000008 gwei)


##### xdai
✅ Hash: 0x264276cca32962f95e9af20d3e43627fbe758166446df85e63e79bc0873831bb
Block: 29885288
Paid: 0.000084738000225968 ETH (28246 gas * 3.000000008 gwei)


##### xdai
✅ Hash: 0x0494416f7e6dffda48d83ff4279b2aeada934643fad35380c9d5bd8379ac7750
Block: 29885288
Paid: 0.000233727000623272 ETH (77909 gas * 3.000000008 gwei)


##### xdai
✅ Hash: 0x6c3c5e2ee4125f866d10dab46e1906747fd2ba8de413caf8ba0600097dadb171
Block: 29885288
Paid: 0.000084738000225968 ETH (28246 gas * 3.000000008 gwei)


##### xdai
✅ Hash: 0xbe15928ebe70e848aa166e1d756597cdc37dee84554a0beb75e04c167a4d4f20
Block: 29885288
Paid: 0.00032943000087848 ETH (109810 gas * 3.000000008 gwei)


##### xdai
✅ Hash: 0xafc8c5f781fffbcdf67da336aa917f1741b5f898fb53da5e02f1e1d8d5fa2da3
Block: 29885288
Paid: 0.000217368000579648 ETH (72456 gas * 3.000000008 gwei)


##### xdai
✅ Hash: 0x63bfd91b6b3e6567ed3d436e79f4226b7029c776c0ea9d53f8567084a84698c7
Block: 29885288
Paid: 0.000082851000220936 ETH (27617 gas * 3.000000008 gwei)


##### xdai
✅ Hash: 0x52568b3de1ac6c99ae525e1cbbd39dbf88f5ca3c1ce1e8259d81589315ea55b9
Block: 29885288
Paid: 0.000420813001122168 ETH (140271 gas * 3.000000008 gwei)


##### xdai
✅ Hash: 0x32162c4682755b499233a32b3a78ecd9de54531074964c44563aa30db4f31dfe
Block: 29885288
Paid: 0.000081987000218632 ETH (27329 gas * 3.000000008 gwei)


##### xdai
✅ Hash: 0x045f2275d8cac96f59460baf99a6c621958c4d1e2ff3af90f93fccb97c715de3
Block: 29885288
Paid: 0.000063000000168 ETH (21000 gas * 3.000000008 gwei)


Transactions saved to: /Users/ausias/Documents/github/hoprnet/packages/ethereum/contracts/broadcast/SingleAction.s.sol/100/expressSetupSafeModule-latest.json



==========================

ONCHAIN EXECUTION COMPLETE & SUCCESSFUL.
Total Paid: 0.004089636010905696 ETH (1363212 gas * avg 3.000000008 gwei)

Transactions saved to: /Users/ausias/Documents/github/hoprnet/packages/ethereum/contracts/broadcast/SingleAction.s.sol/100/expressSetupSafeModule-latest.json

Foundry command execution status: exit status: 0
